This is pdfTeX, Version 3.14159265-2.6-1.40.19 (TeX Live 2018) (preloaded format=pdflatex 2018.8.30)  8 OCT 2018 15:54
entering extended mode
 \write18 enabled.
 file:line:error style messages enabled.
 %&-line parsing enabled.
**corrections.tex
(./corrections.tex
LaTeX2e <2018-04-01> patch level 5
(/usr/local/texlive/2018/texmf-dist/tex/latex/base/article.cls
Document Class: article 2014/09/29 v1.4h Standard LaTeX document class
(/usr/local/texlive/2018/texmf-dist/tex/latex/base/size10.clo
File: size10.clo 2014/09/29 v1.4h Standard LaTeX file (size option)
)
\c@part=\count80
\c@section=\count81
\c@subsection=\count82
\c@subsubsection=\count83
\c@paragraph=\count84
\c@subparagraph=\count85
\c@figure=\count86
\c@table=\count87
\abovecaptionskip=\skip41
\belowcaptionskip=\skip42
\bibindent=\dimen102
)
(/usr/local/texlive/2018/texmf-dist/tex/latex/geometry/geometry.sty
Package: geometry 2018/04/16 v5.8 Page Geometry

(/usr/local/texlive/2018/texmf-dist/tex/latex/graphics/keyval.sty
Package: keyval 2014/10/28 v1.15 key=value parser (DPC)
\KV@toks@=\toks14
)
(/usr/local/texlive/2018/texmf-dist/tex/generic/oberdiek/ifpdf.sty
Package: ifpdf 2017/03/15 v3.2 Provides the ifpdf switch
)
(/usr/local/texlive/2018/texmf-dist/tex/generic/oberdiek/ifvtex.sty
Package: ifvtex 2016/05/16 v1.6 Detect VTeX and its facilities (HO)
Package ifvtex Info: VTeX not detected.
)
(/usr/local/texlive/2018/texmf-dist/tex/generic/ifxetex/ifxetex.sty
Package: ifxetex 2010/09/12 v0.6 Provides ifxetex conditional
)
\Gm@cnth=\count88
\Gm@cntv=\count89
\c@Gm@tempcnt=\count90
\Gm@bindingoffset=\dimen103
\Gm@wd@mp=\dimen104
\Gm@odd@mp=\dimen105
\Gm@even@mp=\dimen106
\Gm@layoutwidth=\dimen107
\Gm@layoutheight=\dimen108
\Gm@layouthoffset=\dimen109
\Gm@layoutvoffset=\dimen110
\Gm@dimlist=\toks15
)
(/usr/local/texlive/2018/texmf-dist/tex/latex/enumitem/enumitem.sty
Package: enumitem 2011/09/28 v3.5.2 Customized lists
\labelindent=\skip43
\enit@outerparindent=\dimen111
\enit@toks=\toks16
\enit@inbox=\box26
\enitdp@description=\count91
)
(./corrections.aux)
\openout1 = `corrections.aux'.

LaTeX Font Info:    Checking defaults for OML/cmm/m/it on input line 9.
LaTeX Font Info:    ... okay on input line 9.
LaTeX Font Info:    Checking defaults for T1/cmr/m/n on input line 9.
LaTeX Font Info:    ... okay on input line 9.
LaTeX Font Info:    Checking defaults for OT1/cmr/m/n on input line 9.
LaTeX Font Info:    ... okay on input line 9.
LaTeX Font Info:    Checking defaults for OMS/cmsy/m/n on input line 9.
LaTeX Font Info:    ... okay on input line 9.
LaTeX Font Info:    Checking defaults for OMX/cmex/m/n on input line 9.
LaTeX Font Info:    ... okay on input line 9.
LaTeX Font Info:    Checking defaults for U/cmr/m/n on input line 9.
LaTeX Font Info:    ... okay on input line 9.

*geometry* driver: auto-detecting
*geometry* detected driver: pdftex
*geometry* verbose mode - [ preamble ] result:
* driver: pdftex
* paper: <default>
* layout: <same size as paper>
* layoutoffset:(h,v)=(0.0pt,0.0pt)
* modes: 
* h-part:(L,W,R)=(71.54768pt, 471.19963pt, 71.54768pt)
* v-part:(T,H,B)=(71.54768pt, 651.87462pt, 71.54768pt)
* \paperwidth=614.295pt
* \paperheight=794.96999pt
* \textwidth=471.19963pt
* \textheight=651.87462pt
* \oddsidemargin=-0.7223pt
* \evensidemargin=-0.7223pt
* \topmargin=-37.7223pt
* \headheight=12.0pt
* \headsep=25.0pt
* \topskip=10.0pt
* \footskip=30.0pt
* \marginparwidth=65.0pt
* \marginparsep=11.0pt
* \columnsep=10.0pt
* \skip\footins=9.0pt plus 4.0pt minus 2.0pt
* \hoffset=0.0pt
* \voffset=0.0pt
* \mag=1000
* \@twocolumnfalse
* \@twosidefalse
* \@mparswitchfalse
* \@reversemarginfalse
* (1in=72.27pt=25.4mm, 1cm=28.453pt)

LaTeX Font Info:    External font `cmex10' loaded for size
(Font)              <12> on input line 10.
LaTeX Font Info:    External font `cmex10' loaded for size
(Font)              <8> on input line 10.
LaTeX Font Info:    External font `cmex10' loaded for size
(Font)              <6> on input line 10.

Underfull \hbox (badness 10000) in paragraph at lines 15--29

 []

(./corrections.toc
LaTeX Font Info:    External font `cmex10' loaded for size
(Font)              <7> on input line 2.
LaTeX Font Info:    External font `cmex10' loaded for size
(Font)              <5> on input line 2.
)
\tf@toc=\write3
\openout3 = `corrections.toc'.

 [1

{/usr/local/texlive/2018/texmf-var/fonts/map/pdftex/updmap/pdftex.map}]
Underfull \hbox (badness 10000) in paragraph at lines 75--77

 []


Overfull \hbox (21.04633pt too wide) in paragraph at lines 107--107
 []\OT1/cmtt/m/n/10 variability were calculated from five data sets ($A$, $A_0$
, $A_{shift}$, $B$ and $B_0$):[] 
 []


Overfull \hbox (15.79637pt too wide) in paragraph at lines 107--107
 []\OT1/cmtt/m/n/10 With that in mind, \cite{muller2004} conducted an experimen
t with forty-two participants[] 
 []


Overfull \hbox (5.29646pt too wide) in paragraph at lines 107--107
 []\OT1/cmtt/m/n/10 for five different locations of the target skittle where fo
r each target a participant[] 
 []


Underfull \hbox (badness 10000) in paragraph at lines 110--112

 []

[2]
Underfull \hbox (badness 10000) in paragraph at lines 158--160

 []

[3]
Underfull \hbox (badness 10000) in paragraph at lines 188--190

 []


Underfull \hbox (badness 10000) in paragraph at lines 245--247

 []

[4]
Underfull \hbox (badness 10000) in paragraph at lines 285--287

 []


Underfull \hbox (badness 10000) in paragraph at lines 303--305

 []


Underfull \hbox (badness 10000) in paragraph at lines 333--335

 []


Underfull \hbox (badness 10000) in paragraph at lines 350--352

 []

[5]
Underfull \hbox (badness 10000) in paragraph at lines 419--421

 []


Underfull \hbox (badness 10000) in paragraph at lines 442--444

 []

[6]
Underfull \hbox (badness 10000) in paragraph at lines 454--456

 []


Underfull \hbox (badness 10000) in paragraph at lines 466--468

 []


Underfull \hbox (badness 10000) in paragraph at lines 496--498

 []


Underfull \hbox (badness 10000) in paragraph at lines 510--512

 []


Underfull \hbox (badness 10000) in paragraph at lines 524--526

 []

[7]
Underfull \hbox (badness 10000) in paragraph at lines 563--565

 []


Underfull \hbox (badness 10000) in paragraph at lines 620--622

 []

[8]
Underfull \hbox (badness 10000) in paragraph at lines 656--658

 []


Underfull \hbox (badness 10000) in paragraph at lines 689--691

 []


Underfull \hbox (badness 10000) in paragraph at lines 723--725

 []

[9]
Underfull \hbox (badness 10000) in paragraph at lines 746--748

 []


Underfull \hbox (badness 10000) in paragraph at lines 777--779

 []


Underfull \hbox (badness 10000) in paragraph at lines 794--796

 []


Underfull \hbox (badness 10000) in paragraph at lines 819--821

 []


Underfull \hbox (badness 10000) in paragraph at lines 837--839

 []

[10]
Underfull \hbox (badness 10000) in paragraph at lines 876--878

 []


Underfull \hbox (badness 10000) in paragraph at lines 900--902

 []

[11]
Underfull \hbox (badness 10000) in paragraph at lines 936--938

 []


Underfull \hbox (badness 10000) in paragraph at lines 951--953

 []


Underfull \hbox (badness 10000) in paragraph at lines 978--980

 []


Underfull \hbox (badness 10000) in paragraph at lines 992--994

 []


Underfull \hbox (badness 10000) in paragraph at lines 1009--1011

 []


Underfull \hbox (badness 10000) in paragraph at lines 1033--1035

 []

[12]
Underfull \hbox (badness 10000) in paragraph at lines 1065--1067

 []


Underfull \hbox (badness 10000) in paragraph at lines 1085--1087

 []


Underfull \hbox (badness 10000) in paragraph at lines 1112--1114

 []

LaTeX Font Info:    Try loading font information for OMS+cmr on input line 1131
.
(/usr/local/texlive/2018/texmf-dist/tex/latex/base/omscmr.fd
File: omscmr.fd 2014/09/29 v2.5h Standard LaTeX font definitions
)
LaTeX Font Info:    Font shape `OMS/cmr/m/n' in size <10> not available
(Font)              Font shape `OMS/cmsy/m/n' tried instead on input line 1131.


Underfull \hbox (badness 10000) in paragraph at lines 1131--1132

 []

[13]
Underfull \hbox (badness 10000) in paragraph at lines 1165--1166

 []


Underfull \hbox (badness 10000) in paragraph at lines 1220--1222

 []


Underfull \hbox (badness 10000) in paragraph at lines 1265--1267

 []

[14]
Underfull \hbox (badness 10000) in paragraph at lines 1286--1288

 []


Underfull \hbox (badness 10000) in paragraph at lines 1313--1315

 []

[15] (./corrections.aux) ) 
Here is how much of TeX's memory you used:
 1068 strings out of 492642
 15613 string characters out of 6129369
 88123 words of memory out of 5000000
 4995 multiletter control sequences out of 15000+600000
 9361 words of font info for 33 fonts, out of 8000000 for 9000
 1141 hyphenation exceptions out of 8191
 24i,6n,32p,155b,382s stack positions out of 5000i,500n,10000p,200000b,80000s
</usr/local/texlive/2018/texmf-dist/fonts/type1/publi
c/amsfonts/cm/cmbx10.pfb></usr/local/texlive/2018/texmf-dist/fonts/type1/public
/amsfonts/cm/cmbx12.pfb></usr/local/texlive/2018/texmf-dist/fonts/type1/public/
amsfonts/cm/cmbx9.pfb></usr/local/texlive/2018/texmf-dist/fonts/type1/public/am
sfonts/cm/cmmi10.pfb></usr/local/texlive/2018/texmf-dist/fonts/type1/public/ams
fonts/cm/cmmi7.pfb></usr/local/texlive/2018/texmf-dist/fonts/type1/public/amsfo
nts/cm/cmr10.pfb></usr/local/texlive/2018/texmf-dist/fonts/type1/public/amsfont
s/cm/cmr12.pfb></usr/local/texlive/2018/texmf-dist/fonts/type1/public/amsfonts/
cm/cmr17.pfb></usr/local/texlive/2018/texmf-dist/fonts/type1/public/amsfonts/cm
/cmr9.pfb></usr/local/texlive/2018/texmf-dist/fonts/type1/public/amsfonts/cm/cm
sy10.pfb></usr/local/texlive/2018/texmf-dist/fonts/type1/public/amsfonts/cm/cmt
i10.pfb></usr/local/texlive/2018/texmf-dist/fonts/type1/public/amsfonts/cm/cmti
9.pfb></usr/local/texlive/2018/texmf-dist/fonts/type1/public/amsfonts/cm/cmtt10
.pfb>
Output written on corrections.pdf (15 pages, 195901 bytes).
PDF statistics:
 105 PDF objects out of 1000 (max. 8388607)
 74 compressed objects within 1 object stream
 0 named destinations out of 1000 (max. 500000)
 1 words of extra memory for PDF output out of 10000 (max. 10000000)

